2023-12-24 21:26:13 [-][-][-][error][ParseError] ParseError: syntax error, unexpected identifier "notNull", expecting "]" in C:\xampp\htdocs\yii2\youtube\console\migrations\m231224_202558_create_product_cart_table.php:22
Stack trace:
#0 C:\xampp\htdocs\yii2\youtube\vendor\yiisoft\yii2\console\controllers\MigrateController.php(197): yii\console\controllers\BaseMigrateController->includeMigrationFile('m231224_202558_...')
#1 C:\xampp\htdocs\yii2\youtube\vendor\yiisoft\yii2\console\controllers\BaseMigrateController.php(757): yii\console\controllers\MigrateController->createMigration('m231224_202558_...')
#2 C:\xampp\htdocs\yii2\youtube\vendor\yiisoft\yii2\console\controllers\BaseMigrateController.php(216): yii\console\controllers\BaseMigrateController->migrateUp('m231224_202558_...')
#3 [internal function]: yii\console\controllers\BaseMigrateController->actionUp(0)
#4 C:\xampp\htdocs\yii2\youtube\vendor\yiisoft\yii2\base\InlineAction.php(57): call_user_func_array(Array, Array)
#5 C:\xampp\htdocs\yii2\youtube\vendor\yiisoft\yii2\base\Controller.php(178): yii\base\InlineAction->runWithParams(Array)
#6 C:\xampp\htdocs\yii2\youtube\vendor\yiisoft\yii2\console\Controller.php(180): yii\base\Controller->runAction('', Array)
#7 C:\xampp\htdocs\yii2\youtube\vendor\yiisoft\yii2\base\Module.php(552): yii\console\Controller->runAction('', Array)
#8 C:\xampp\htdocs\yii2\youtube\vendor\yiisoft\yii2\console\Application.php(180): yii\base\Module->runAction('migrate', Array)
#9 C:\xampp\htdocs\yii2\youtube\vendor\yiisoft\yii2\console\Application.php(147): yii\console\Application->runAction('migrate', Array)
#10 C:\xampp\htdocs\yii2\youtube\vendor\yiisoft\yii2\base\Application.php(384): yii\console\Application->handleRequest(Object(yii\console\Request))
#11 C:\xampp\htdocs\yii2\youtube\yii(23): yii\base\Application->run()
#12 {main}
2023-12-24 21:26:10 [-][-][-][info][application] $_GET = []

$_POST = []

$_FILES = []

$_COOKIE = []

$_SERVER = [
    'ADSK_CLM_WPAD_PROXY_CHECK' => 'FALSE'
    'ALLUSERSPROFILE' => 'C:\\ProgramData'
    'APPDATA' => 'C:\\Users\\HP\\AppData\\Roaming'
    'ChocolateyInstall' => 'C:\\ProgramData\\chocolatey'
    'ChocolateyLastPathUpdate' => '132922463514670746'
    'CommonProgramFiles' => 'C:\\Program Files\\Common Files'
    'CommonProgramFiles(x86)' => 'C:\\Program Files (x86)\\Common Files'
    'CommonProgramW6432' => 'C:\\Program Files\\Common Files'
    'COMPUTERNAME' => 'DESKTOP-82SI694'
    'ComSpec' => 'C:\\Windows\\system32\\cmd.exe'
    'DriverData' => 'C:\\Windows\\System32\\Drivers\\DriverData'
    'FPS_BROWSER_APP_PROFILE_STRING' => 'Internet Explorer'
    'FPS_BROWSER_USER_PROFILE_STRING' => 'Default'
    'HADOOP_HOME' => 'E:\\spark3'
    'HOMEDRIVE' => 'C:'
    'HOMEPATH' => '\\Users\\HP'
    'JAVA_HOME' => 'C:\\\\Program Files\\\\Java\\\\jdk-17.0.2'
    'LOCALAPPDATA' => 'C:\\Users\\HP\\AppData\\Local'
    'LOGONSERVER' => '\\\\DESKTOP-82SI694'
    'MYSQLCONNECTOR_ASSEMBLIESPATH' => 'C:\\Program Files (x86)\\MySQL\\MySQL Connector Net 8.0.30\\Assemblies\\v4.8'
    'NLTK_DATA' => 'C:\\nltk_data'
    'NUMBER_OF_PROCESSORS' => '4'
    'NVM_HOME' => 'C:\\Users\\HP\\AppData\\Roaming\\nvm'
    'NVM_SYMLINK' => 'C:\\Program Files\\nodejs'
    'OneDrive' => 'C:\\Users\\HP\\OneDrive'
    'OS' => 'Windows_NT'
    'Path' => 'C:\\Program Files (x86)\\VMware\\VMware Workstation\\bin\\;C:\\Windows\\system32;C:\\Windows;C:\\Windows\\System32\\Wbem;C:\\Windows\\System32\\WindowsPowerShell\\v1.0\\;C:\\Windows\\System32\\OpenSSH\\;C:\\ProgramData\\ComposerSetup\\bin;C:\\ProgramData\\chocolatey\\bin;C:\\Program Files\\Microsoft SQL Server\\150\\Tools\\Binn\\;C:\\Program Files\\Git\\cmd;C:\\Program Files\\CMake\\bin;C:\\opencv\\build\\bin;C:\\Program Files\\Microsoft SQL Server\\Client SDK\\ODBC\\170\\Tools\\Binn\\;C:\\Program Files\\dotnet\\;C:\\Program Files (x86)\\Microsoft SQL Server\\150\\Tools\\Binn\\;C:\\Program Files\\Microsoft SQL Server\\150\\DTS\\Binn\\;C:\\Program Files (x86)\\Microsoft SQL Server\\150\\DTS\\Binn\\;C:\\Program Files\\PuTTY\\;C:\\Program Files\\Microsoft SQL Server\\120\\Tools\\Binn\\;C:\\Program Files\\Microsoft SQL Server\\Client SDK\\ODBC\\110\\Tools\\Binn\\;C:\\Program Files (x86)\\Microsoft SQL Server\\120\\Tools\\Binn\\;C:\\Program Files\\Microsoft SQL Server\\120\\DTS\\Binn\\;C:\\Program Files\\Microsoft SQL Server\\130\\Tools\\Binn\\;C:\\Users\\HP\\AppData\\Local\\Android\\Sdk\\emulator;%NVM_HOME%;%NVM_SYMLINK%;C:\\Users\\HP\\AppData\\Local\\Programs\\Python\\Python310\\Scripts\\;C:\\Users\\HP\\AppData\\Local\\Programs\\Python\\Python310\\;C:\\Users\\HP\\AppData\\Local\\Microsoft\\WindowsApps;C:\\Users\\HP\\AppData\\Local\\Programs\\Microsoft VS Code\\bin;E:\\Program Files\\dotnet;C:\\Users\\HP\\AppData\\Roaming\\Composer\\vendor\\bin;C:\\Users\\HP\\AppData\\Roaming\\npm;C:\\Program Files\\JetBrains\\IntelliJ IDEA Community Edition 2021.3.3\\bin;;C:\\Program Files\\heroku\\bin;C:\\Program Files\\CMake\\bin;C:\\opencv\\build\\bin;C:\\Users\\HP\\.dotnet\\tools;C:\\Users\\HP\\flutter\\bin;C:\\Program Files\\JetBrains\\PyCharm 2019.1.1\\bin;;C:\\Program Files\\Java\\jdk-17.0.2\\bin;C:\\xampp\\php;C:\\Program Files (x86)\\Microsoft SQL Server\\150\\Tools\\Binn\\DQ;C:\\Program Files\\sqldeveloper-21.4.3.063.0100-x64\\sqldeveloper;C:\\Windows\\Microsoft.NET\\Framework64\\v4.0.30319;C:\\Program Files\\JetBrains\\PyCharm Community Edition 2022.2.2\\bin;;E:\\spark3\\bin;C:\\Users\\HP\\AppData\\Local\\Android\\Sdk\\emulator;C:\\Users\\HP\\AppData\\Local\\Android\\Sdk\\platform-tools;C:\\Users\\HP\\AppData\\Roaming\\nvm;C:\\Program Files\\nodejs'
    'PATHEXT' => '.COM;.EXE;.BAT;.CMD;.VBS;.VBE;.JS;.JSE;.WSF;.WSH;.MSC'
    'PROCESSOR_ARCHITECTURE' => 'AMD64'
    'PROCESSOR_IDENTIFIER' => 'Intel64 Family 6 Model 42 Stepping 7, GenuineIntel'
    'PROCESSOR_LEVEL' => '6'
    'PROCESSOR_REVISION' => '2a07'
    'ProgramData' => 'C:\\ProgramData'
    'ProgramFiles' => 'C:\\Program Files'
    'ProgramFiles(x86)' => 'C:\\Program Files (x86)'
    'ProgramW6432' => 'C:\\Program Files'
    'PROMPT' => '$P$G'
    'PSModulePath' => 'C:\\Program Files\\WindowsPowerShell\\Modules;C:\\Windows\\system32\\WindowsPowerShell\\v1.0\\Modules;C:\\Program Files (x86)\\Microsoft SQL Server\\150\\Tools\\PowerShell\\Modules\\;C:\\Program Files (x86)\\Microsoft SQL Server\\120\\Tools\\PowerShell\\Modules\\'
    'PUBLIC' => 'C:\\Users\\Public'
    'PyCharm' => 'C:\\Program Files\\JetBrains\\PyCharm 2019.1.1\\bin;'
    'PYSPARK_PYTHON' => 'python'
    'QSYS_ROOTDIR' => 'E:\\proj\\quartus\\sopc_builder\\bin'
    'QUARTUS_ROOTDIR' => 'E:\\proj\\quartus'
    'SESSIONNAME' => 'Console'
    'SOPC_KIT_NIOS2' => 'E:\\proj\\nios2eds'
    'SPARK_HOME' => 'E:\\spark3'
    'SystemDrive' => 'C:'
    'SystemRoot' => 'C:\\Windows'
    'TEMP' => 'C:\\Users\\HP\\AppData\\Local\\Temp'
    'TMP' => 'C:\\Users\\HP\\AppData\\Local\\Temp'
    'USERDOMAIN' => 'DESKTOP-82SI694'
    'USERDOMAIN_ROAMINGPROFILE' => 'DESKTOP-82SI694'
    'USERNAME' => 'HP'
    'USERPROFILE' => 'C:\\Users\\HP'
    'VBOX_MSI_INSTALL_PATH' => 'C:\\Program Files\\Oracle\\VirtualBox\\'
    'VS160COMCOMNTOOLS' => 'C:\\Program Files (x86)\\Microsoft Visual Studio\\2019\\Community\\Common7\\Tools\\'
    'windir' => 'C:\\Windows'
    'PHP_SELF' => 'yii'
    'SCRIPT_NAME' => 'yii'
    'SCRIPT_FILENAME' => 'yii'
    'PATH_TRANSLATED' => 'yii'
    'DOCUMENT_ROOT' => ''
    'REQUEST_TIME_FLOAT' => 1703449570.0592
    'REQUEST_TIME' => 1703449570
    'argv' => [
        0 => 'yii'
        1 => 'migrate'
    ]
    'argc' => 2
]
2023-12-25 21:13:33 [-][-][-][error][yii\base\InvalidConfigException] yii\base\InvalidConfigException: You should configure "authManager" component to use database before executing this migration. in C:\xampp\htdocs\yii2\youtube\vendor\yiisoft\yii2\rbac\migrations\m140506_102106_rbac_init.php:27
Stack trace:
#0 C:\xampp\htdocs\yii2\youtube\vendor\yiisoft\yii2\rbac\migrations\m140506_102106_rbac_init.php(51): m140506_102106_rbac_init->getAuthManager()
#1 C:\xampp\htdocs\yii2\youtube\vendor\yiisoft\yii2\console\controllers\BaseMigrateController.php(758): m140506_102106_rbac_init->up()
#2 C:\xampp\htdocs\yii2\youtube\vendor\yiisoft\yii2\console\controllers\BaseMigrateController.php(216): yii\console\controllers\BaseMigrateController->migrateUp('m140506_102106_...')
#3 [internal function]: yii\console\controllers\BaseMigrateController->actionUp(0)
#4 C:\xampp\htdocs\yii2\youtube\vendor\yiisoft\yii2\base\InlineAction.php(57): call_user_func_array(Array, Array)
#5 C:\xampp\htdocs\yii2\youtube\vendor\yiisoft\yii2\base\Controller.php(178): yii\base\InlineAction->runWithParams(Array)
#6 C:\xampp\htdocs\yii2\youtube\vendor\yiisoft\yii2\console\Controller.php(180): yii\base\Controller->runAction('', Array)
#7 C:\xampp\htdocs\yii2\youtube\vendor\yiisoft\yii2\base\Module.php(552): yii\console\Controller->runAction('', Array)
#8 C:\xampp\htdocs\yii2\youtube\vendor\yiisoft\yii2\console\Application.php(180): yii\base\Module->runAction('migrate', Array)
#9 C:\xampp\htdocs\yii2\youtube\vendor\yiisoft\yii2\console\Application.php(147): yii\console\Application->runAction('migrate', Array)
#10 C:\xampp\htdocs\yii2\youtube\vendor\yiisoft\yii2\base\Application.php(384): yii\console\Application->handleRequest(Object(yii\console\Request))
#11 C:\xampp\htdocs\yii2\youtube\yii(23): yii\base\Application->run()
#12 {main}
2023-12-25 21:13:30 [-][-][-][info][application] $_GET = []

$_POST = []

$_FILES = []

$_COOKIE = []

$_SERVER = [
    'ADSK_CLM_WPAD_PROXY_CHECK' => 'FALSE'
    'ALLUSERSPROFILE' => 'C:\\ProgramData'
    'APPDATA' => 'C:\\Users\\HP\\AppData\\Roaming'
    'ChocolateyInstall' => 'C:\\ProgramData\\chocolatey'
    'ChocolateyLastPathUpdate' => '132922463514670746'
    'CommonProgramFiles' => 'C:\\Program Files\\Common Files'
    'CommonProgramFiles(x86)' => 'C:\\Program Files (x86)\\Common Files'
    'CommonProgramW6432' => 'C:\\Program Files\\Common Files'
    'COMPUTERNAME' => 'DESKTOP-82SI694'
    'ComSpec' => 'C:\\Windows\\system32\\cmd.exe'
    'DriverData' => 'C:\\Windows\\System32\\Drivers\\DriverData'
    'FPS_BROWSER_APP_PROFILE_STRING' => 'Internet Explorer'
    'FPS_BROWSER_USER_PROFILE_STRING' => 'Default'
    'HADOOP_HOME' => 'E:\\spark3'
    'HOMEDRIVE' => 'C:'
    'HOMEPATH' => '\\Users\\HP'
    'JAVA_HOME' => 'C:\\\\Program Files\\\\Java\\\\jdk-17.0.2'
    'LOCALAPPDATA' => 'C:\\Users\\HP\\AppData\\Local'
    'LOGONSERVER' => '\\\\DESKTOP-82SI694'
    'MYSQLCONNECTOR_ASSEMBLIESPATH' => 'C:\\Program Files (x86)\\MySQL\\MySQL Connector Net 8.0.30\\Assemblies\\v4.8'
    'NLTK_DATA' => 'C:\\nltk_data'
    'NUMBER_OF_PROCESSORS' => '4'
    'NVM_HOME' => 'C:\\Users\\HP\\AppData\\Roaming\\nvm'
    'NVM_SYMLINK' => 'C:\\Program Files\\nodejs'
    'OneDrive' => 'C:\\Users\\HP\\OneDrive'
    'OS' => 'Windows_NT'
    'Path' => 'C:\\Program Files (x86)\\VMware\\VMware Workstation\\bin\\;C:\\Windows\\system32;C:\\Windows;C:\\Windows\\System32\\Wbem;C:\\Windows\\System32\\WindowsPowerShell\\v1.0\\;C:\\Windows\\System32\\OpenSSH\\;C:\\ProgramData\\ComposerSetup\\bin;C:\\ProgramData\\chocolatey\\bin;C:\\Program Files\\Microsoft SQL Server\\150\\Tools\\Binn\\;C:\\Program Files\\Git\\cmd;C:\\Program Files\\CMake\\bin;C:\\opencv\\build\\bin;C:\\Program Files\\Microsoft SQL Server\\Client SDK\\ODBC\\170\\Tools\\Binn\\;C:\\Program Files\\dotnet\\;C:\\Program Files (x86)\\Microsoft SQL Server\\150\\Tools\\Binn\\;C:\\Program Files\\Microsoft SQL Server\\150\\DTS\\Binn\\;C:\\Program Files (x86)\\Microsoft SQL Server\\150\\DTS\\Binn\\;C:\\Program Files\\PuTTY\\;C:\\Program Files\\Microsoft SQL Server\\120\\Tools\\Binn\\;C:\\Program Files\\Microsoft SQL Server\\Client SDK\\ODBC\\110\\Tools\\Binn\\;C:\\Program Files (x86)\\Microsoft SQL Server\\120\\Tools\\Binn\\;C:\\Program Files\\Microsoft SQL Server\\120\\DTS\\Binn\\;C:\\Program Files\\Microsoft SQL Server\\130\\Tools\\Binn\\;C:\\Users\\HP\\AppData\\Local\\Android\\Sdk\\emulator;%NVM_HOME%;%NVM_SYMLINK%;C:\\Users\\HP\\AppData\\Local\\Programs\\Python\\Python310\\Scripts\\;C:\\Users\\HP\\AppData\\Local\\Programs\\Python\\Python310\\;C:\\Users\\HP\\AppData\\Local\\Microsoft\\WindowsApps;C:\\Users\\HP\\AppData\\Local\\Programs\\Microsoft VS Code\\bin;E:\\Program Files\\dotnet;C:\\Users\\HP\\AppData\\Roaming\\Composer\\vendor\\bin;C:\\Users\\HP\\AppData\\Roaming\\npm;C:\\Program Files\\JetBrains\\IntelliJ IDEA Community Edition 2021.3.3\\bin;;C:\\Program Files\\heroku\\bin;C:\\Program Files\\CMake\\bin;C:\\opencv\\build\\bin;C:\\Users\\HP\\.dotnet\\tools;C:\\Users\\HP\\flutter\\bin;C:\\Program Files\\JetBrains\\PyCharm 2019.1.1\\bin;;C:\\Program Files\\Java\\jdk-17.0.2\\bin;C:\\xampp\\php;C:\\Program Files (x86)\\Microsoft SQL Server\\150\\Tools\\Binn\\DQ;C:\\Program Files\\sqldeveloper-21.4.3.063.0100-x64\\sqldeveloper;C:\\Windows\\Microsoft.NET\\Framework64\\v4.0.30319;C:\\Program Files\\JetBrains\\PyCharm Community Edition 2022.2.2\\bin;;E:\\spark3\\bin;C:\\Users\\HP\\AppData\\Local\\Android\\Sdk\\emulator;C:\\Users\\HP\\AppData\\Local\\Android\\Sdk\\platform-tools;C:\\Users\\HP\\AppData\\Roaming\\nvm;C:\\Program Files\\nodejs'
    'PATHEXT' => '.COM;.EXE;.BAT;.CMD;.VBS;.VBE;.JS;.JSE;.WSF;.WSH;.MSC'
    'PHP_COMMAND' => 'php.exe'
    'PROCESSOR_ARCHITECTURE' => 'AMD64'
    'PROCESSOR_IDENTIFIER' => 'Intel64 Family 6 Model 42 Stepping 7, GenuineIntel'
    'PROCESSOR_LEVEL' => '6'
    'PROCESSOR_REVISION' => '2a07'
    'ProgramData' => 'C:\\ProgramData'
    'ProgramFiles' => 'C:\\Program Files'
    'ProgramFiles(x86)' => 'C:\\Program Files (x86)'
    'ProgramW6432' => 'C:\\Program Files'
    'PROMPT' => '$P$G'
    'PSModulePath' => 'C:\\Program Files\\WindowsPowerShell\\Modules;C:\\Windows\\system32\\WindowsPowerShell\\v1.0\\Modules;C:\\Program Files (x86)\\Microsoft SQL Server\\150\\Tools\\PowerShell\\Modules\\;C:\\Program Files (x86)\\Microsoft SQL Server\\120\\Tools\\PowerShell\\Modules\\'
    'PUBLIC' => 'C:\\Users\\Public'
    'PyCharm' => 'C:\\Program Files\\JetBrains\\PyCharm 2019.1.1\\bin;'
    'PYSPARK_PYTHON' => 'python'
    'QSYS_ROOTDIR' => 'E:\\proj\\quartus\\sopc_builder\\bin'
    'QUARTUS_ROOTDIR' => 'E:\\proj\\quartus'
    'SESSIONNAME' => 'Console'
    'SOPC_KIT_NIOS2' => 'E:\\proj\\nios2eds'
    'SPARK_HOME' => 'E:\\spark3'
    'SystemDrive' => 'C:'
    'SystemRoot' => 'C:\\Windows'
    'TEMP' => 'C:\\Users\\HP\\AppData\\Local\\Temp'
    'TMP' => 'C:\\Users\\HP\\AppData\\Local\\Temp'
    'USERDOMAIN' => 'DESKTOP-82SI694'
    'USERDOMAIN_ROAMINGPROFILE' => 'DESKTOP-82SI694'
    'USERNAME' => 'HP'
    'USERPROFILE' => 'C:\\Users\\HP'
    'VBOX_MSI_INSTALL_PATH' => 'C:\\Program Files\\Oracle\\VirtualBox\\'
    'VS160COMCOMNTOOLS' => 'C:\\Program Files (x86)\\Microsoft Visual Studio\\2019\\Community\\Common7\\Tools\\'
    'windir' => 'C:\\Windows'
    'YII_PATH' => 'C:\\xampp\\htdocs\\yii2\\youtube\\'
    'PHP_SELF' => 'C:\\xampp\\htdocs\\yii2\\youtube\\yii'
    'SCRIPT_NAME' => 'C:\\xampp\\htdocs\\yii2\\youtube\\yii'
    'SCRIPT_FILENAME' => 'C:\\xampp\\htdocs\\yii2\\youtube\\yii'
    'PATH_TRANSLATED' => 'C:\\xampp\\htdocs\\yii2\\youtube\\yii'
    'DOCUMENT_ROOT' => ''
    'REQUEST_TIME_FLOAT' => 1703535210.6321
    'REQUEST_TIME' => 1703535210
    'argv' => [
        0 => 'C:\\xampp\\htdocs\\yii2\\youtube\\yii'
        1 => 'migrate'
        2 => '--migrationPath=@yii/rbac/migrations'
    ]
    'argc' => 3
]
2023-12-25 21:22:14 [-][-][-][error][yii\base\InvalidConfigException] yii\base\InvalidConfigException: You should configure "authManager" component to use database before executing this migration. in C:\xampp\htdocs\yii2\youtube\vendor\yiisoft\yii2\rbac\migrations\m140506_102106_rbac_init.php:27
Stack trace:
#0 C:\xampp\htdocs\yii2\youtube\vendor\yiisoft\yii2\rbac\migrations\m140506_102106_rbac_init.php(51): m140506_102106_rbac_init->getAuthManager()
#1 C:\xampp\htdocs\yii2\youtube\vendor\yiisoft\yii2\console\controllers\BaseMigrateController.php(758): m140506_102106_rbac_init->up()
#2 C:\xampp\htdocs\yii2\youtube\vendor\yiisoft\yii2\console\controllers\BaseMigrateController.php(216): yii\console\controllers\BaseMigrateController->migrateUp('m140506_102106_...')
#3 [internal function]: yii\console\controllers\BaseMigrateController->actionUp(0)
#4 C:\xampp\htdocs\yii2\youtube\vendor\yiisoft\yii2\base\InlineAction.php(57): call_user_func_array(Array, Array)
#5 C:\xampp\htdocs\yii2\youtube\vendor\yiisoft\yii2\base\Controller.php(178): yii\base\InlineAction->runWithParams(Array)
#6 C:\xampp\htdocs\yii2\youtube\vendor\yiisoft\yii2\console\Controller.php(180): yii\base\Controller->runAction('', Array)
#7 C:\xampp\htdocs\yii2\youtube\vendor\yiisoft\yii2\base\Module.php(552): yii\console\Controller->runAction('', Array)
#8 C:\xampp\htdocs\yii2\youtube\vendor\yiisoft\yii2\console\Application.php(180): yii\base\Module->runAction('migrate', Array)
#9 C:\xampp\htdocs\yii2\youtube\vendor\yiisoft\yii2\console\Application.php(147): yii\console\Application->runAction('migrate', Array)
#10 C:\xampp\htdocs\yii2\youtube\vendor\yiisoft\yii2\base\Application.php(384): yii\console\Application->handleRequest(Object(yii\console\Request))
#11 C:\xampp\htdocs\yii2\youtube\yii(23): yii\base\Application->run()
#12 {main}
2023-12-25 21:22:12 [-][-][-][info][application] $_GET = []

$_POST = []

$_FILES = []

$_COOKIE = []

$_SERVER = [
    'ADSK_CLM_WPAD_PROXY_CHECK' => 'FALSE'
    'ALLUSERSPROFILE' => 'C:\\ProgramData'
    'APPDATA' => 'C:\\Users\\HP\\AppData\\Roaming'
    'ChocolateyInstall' => 'C:\\ProgramData\\chocolatey'
    'ChocolateyLastPathUpdate' => '132922463514670746'
    'CommonProgramFiles' => 'C:\\Program Files\\Common Files'
    'CommonProgramFiles(x86)' => 'C:\\Program Files (x86)\\Common Files'
    'CommonProgramW6432' => 'C:\\Program Files\\Common Files'
    'COMPUTERNAME' => 'DESKTOP-82SI694'
    'ComSpec' => 'C:\\Windows\\system32\\cmd.exe'
    'DriverData' => 'C:\\Windows\\System32\\Drivers\\DriverData'
    'FPS_BROWSER_APP_PROFILE_STRING' => 'Internet Explorer'
    'FPS_BROWSER_USER_PROFILE_STRING' => 'Default'
    'HADOOP_HOME' => 'E:\\spark3'
    'HOMEDRIVE' => 'C:'
    'HOMEPATH' => '\\Users\\HP'
    'JAVA_HOME' => 'C:\\\\Program Files\\\\Java\\\\jdk-17.0.2'
    'LOCALAPPDATA' => 'C:\\Users\\HP\\AppData\\Local'
    'LOGONSERVER' => '\\\\DESKTOP-82SI694'
    'MYSQLCONNECTOR_ASSEMBLIESPATH' => 'C:\\Program Files (x86)\\MySQL\\MySQL Connector Net 8.0.30\\Assemblies\\v4.8'
    'NLTK_DATA' => 'C:\\nltk_data'
    'NUMBER_OF_PROCESSORS' => '4'
    'NVM_HOME' => 'C:\\Users\\HP\\AppData\\Roaming\\nvm'
    'NVM_SYMLINK' => 'C:\\Program Files\\nodejs'
    'OneDrive' => 'C:\\Users\\HP\\OneDrive'
    'OS' => 'Windows_NT'
    'Path' => 'C:\\Program Files (x86)\\VMware\\VMware Workstation\\bin\\;C:\\Windows\\system32;C:\\Windows;C:\\Windows\\System32\\Wbem;C:\\Windows\\System32\\WindowsPowerShell\\v1.0\\;C:\\Windows\\System32\\OpenSSH\\;C:\\ProgramData\\ComposerSetup\\bin;C:\\ProgramData\\chocolatey\\bin;C:\\Program Files\\Microsoft SQL Server\\150\\Tools\\Binn\\;C:\\Program Files\\Git\\cmd;C:\\Program Files\\CMake\\bin;C:\\opencv\\build\\bin;C:\\Program Files\\Microsoft SQL Server\\Client SDK\\ODBC\\170\\Tools\\Binn\\;C:\\Program Files\\dotnet\\;C:\\Program Files (x86)\\Microsoft SQL Server\\150\\Tools\\Binn\\;C:\\Program Files\\Microsoft SQL Server\\150\\DTS\\Binn\\;C:\\Program Files (x86)\\Microsoft SQL Server\\150\\DTS\\Binn\\;C:\\Program Files\\PuTTY\\;C:\\Program Files\\Microsoft SQL Server\\120\\Tools\\Binn\\;C:\\Program Files\\Microsoft SQL Server\\Client SDK\\ODBC\\110\\Tools\\Binn\\;C:\\Program Files (x86)\\Microsoft SQL Server\\120\\Tools\\Binn\\;C:\\Program Files\\Microsoft SQL Server\\120\\DTS\\Binn\\;C:\\Program Files\\Microsoft SQL Server\\130\\Tools\\Binn\\;C:\\Users\\HP\\AppData\\Local\\Android\\Sdk\\emulator;%NVM_HOME%;%NVM_SYMLINK%;C:\\Users\\HP\\AppData\\Local\\Programs\\Python\\Python310\\Scripts\\;C:\\Users\\HP\\AppData\\Local\\Programs\\Python\\Python310\\;C:\\Users\\HP\\AppData\\Local\\Microsoft\\WindowsApps;C:\\Users\\HP\\AppData\\Local\\Programs\\Microsoft VS Code\\bin;E:\\Program Files\\dotnet;C:\\Users\\HP\\AppData\\Roaming\\Composer\\vendor\\bin;C:\\Users\\HP\\AppData\\Roaming\\npm;C:\\Program Files\\JetBrains\\IntelliJ IDEA Community Edition 2021.3.3\\bin;;C:\\Program Files\\heroku\\bin;C:\\Program Files\\CMake\\bin;C:\\opencv\\build\\bin;C:\\Users\\HP\\.dotnet\\tools;C:\\Users\\HP\\flutter\\bin;C:\\Program Files\\JetBrains\\PyCharm 2019.1.1\\bin;;C:\\Program Files\\Java\\jdk-17.0.2\\bin;C:\\xampp\\php;C:\\Program Files (x86)\\Microsoft SQL Server\\150\\Tools\\Binn\\DQ;C:\\Program Files\\sqldeveloper-21.4.3.063.0100-x64\\sqldeveloper;C:\\Windows\\Microsoft.NET\\Framework64\\v4.0.30319;C:\\Program Files\\JetBrains\\PyCharm Community Edition 2022.2.2\\bin;;E:\\spark3\\bin;C:\\Users\\HP\\AppData\\Local\\Android\\Sdk\\emulator;C:\\Users\\HP\\AppData\\Local\\Android\\Sdk\\platform-tools;C:\\Users\\HP\\AppData\\Roaming\\nvm;C:\\Program Files\\nodejs'
    'PATHEXT' => '.COM;.EXE;.BAT;.CMD;.VBS;.VBE;.JS;.JSE;.WSF;.WSH;.MSC'
    'PHP_COMMAND' => 'php.exe'
    'PROCESSOR_ARCHITECTURE' => 'AMD64'
    'PROCESSOR_IDENTIFIER' => 'Intel64 Family 6 Model 42 Stepping 7, GenuineIntel'
    'PROCESSOR_LEVEL' => '6'
    'PROCESSOR_REVISION' => '2a07'
    'ProgramData' => 'C:\\ProgramData'
    'ProgramFiles' => 'C:\\Program Files'
    'ProgramFiles(x86)' => 'C:\\Program Files (x86)'
    'ProgramW6432' => 'C:\\Program Files'
    'PROMPT' => '$P$G'
    'PSModulePath' => 'C:\\Program Files\\WindowsPowerShell\\Modules;C:\\Windows\\system32\\WindowsPowerShell\\v1.0\\Modules;C:\\Program Files (x86)\\Microsoft SQL Server\\150\\Tools\\PowerShell\\Modules\\;C:\\Program Files (x86)\\Microsoft SQL Server\\120\\Tools\\PowerShell\\Modules\\'
    'PUBLIC' => 'C:\\Users\\Public'
    'PyCharm' => 'C:\\Program Files\\JetBrains\\PyCharm 2019.1.1\\bin;'
    'PYSPARK_PYTHON' => 'python'
    'QSYS_ROOTDIR' => 'E:\\proj\\quartus\\sopc_builder\\bin'
    'QUARTUS_ROOTDIR' => 'E:\\proj\\quartus'
    'SESSIONNAME' => 'Console'
    'SOPC_KIT_NIOS2' => 'E:\\proj\\nios2eds'
    'SPARK_HOME' => 'E:\\spark3'
    'SystemDrive' => 'C:'
    'SystemRoot' => 'C:\\Windows'
    'TEMP' => 'C:\\Users\\HP\\AppData\\Local\\Temp'
    'TMP' => 'C:\\Users\\HP\\AppData\\Local\\Temp'
    'USERDOMAIN' => 'DESKTOP-82SI694'
    'USERDOMAIN_ROAMINGPROFILE' => 'DESKTOP-82SI694'
    'USERNAME' => 'HP'
    'USERPROFILE' => 'C:\\Users\\HP'
    'VBOX_MSI_INSTALL_PATH' => 'C:\\Program Files\\Oracle\\VirtualBox\\'
    'VS160COMCOMNTOOLS' => 'C:\\Program Files (x86)\\Microsoft Visual Studio\\2019\\Community\\Common7\\Tools\\'
    'windir' => 'C:\\Windows'
    'YII_PATH' => 'C:\\xampp\\htdocs\\yii2\\youtube\\'
    'PHP_SELF' => 'C:\\xampp\\htdocs\\yii2\\youtube\\yii'
    'SCRIPT_NAME' => 'C:\\xampp\\htdocs\\yii2\\youtube\\yii'
    'SCRIPT_FILENAME' => 'C:\\xampp\\htdocs\\yii2\\youtube\\yii'
    'PATH_TRANSLATED' => 'C:\\xampp\\htdocs\\yii2\\youtube\\yii'
    'DOCUMENT_ROOT' => ''
    'REQUEST_TIME_FLOAT' => 1703535732.6471
    'REQUEST_TIME' => 1703535732
    'argv' => [
        0 => 'C:\\xampp\\htdocs\\yii2\\youtube\\yii'
        1 => 'migrate'
        2 => '--migrationPath=@yii/rbac/migrations'
    ]
    'argc' => 3
]
2023-12-25 21:57:22 [-][-][-][error][yii\base\InvalidArgumentException] yii\base\InvalidArgumentException: Invalid path alias: @yii\rbac\migrations\ in C:\xampp\htdocs\yii2\youtube\vendor\yiisoft\yii2\BaseYii.php:154
Stack trace:
#0 C:\xampp\htdocs\yii2\youtube\vendor\yiisoft\yii2\console\controllers\BaseMigrateController.php(144): yii\BaseYii::getAlias('@yii\\rbac\\migra...')
#1 C:\xampp\htdocs\yii2\youtube\vendor\yiisoft\yii2\console\controllers\MigrateController.php(182): yii\console\controllers\BaseMigrateController->beforeAction(Object(yii\base\InlineAction))
#2 C:\xampp\htdocs\yii2\youtube\vendor\yiisoft\yii2\base\Controller.php(176): yii\console\controllers\MigrateController->beforeAction(Object(yii\base\InlineAction))
#3 C:\xampp\htdocs\yii2\youtube\vendor\yiisoft\yii2\console\Controller.php(180): yii\base\Controller->runAction('', Array)
#4 C:\xampp\htdocs\yii2\youtube\vendor\yiisoft\yii2\base\Module.php(552): yii\console\Controller->runAction('', Array)
#5 C:\xampp\htdocs\yii2\youtube\vendor\yiisoft\yii2\console\Application.php(180): yii\base\Module->runAction('migrate', Array)
#6 C:\xampp\htdocs\yii2\youtube\vendor\yiisoft\yii2\console\Application.php(147): yii\console\Application->runAction('migrate', Array)
#7 C:\xampp\htdocs\yii2\youtube\vendor\yiisoft\yii2\base\Application.php(384): yii\console\Application->handleRequest(Object(yii\console\Request))
#8 C:\xampp\htdocs\yii2\youtube\yii(23): yii\base\Application->run()
#9 {main}
2023-12-25 21:57:21 [-][-][-][info][application] $_GET = []

$_POST = []

$_FILES = []

$_COOKIE = []

$_SERVER = [
    'ADSK_CLM_WPAD_PROXY_CHECK' => 'FALSE'
    'ALLUSERSPROFILE' => 'C:\\ProgramData'
    'APPDATA' => 'C:\\Users\\HP\\AppData\\Roaming'
    'ChocolateyInstall' => 'C:\\ProgramData\\chocolatey'
    'ChocolateyLastPathUpdate' => '132922463514670746'
    'CommonProgramFiles' => 'C:\\Program Files\\Common Files'
    'CommonProgramFiles(x86)' => 'C:\\Program Files (x86)\\Common Files'
    'CommonProgramW6432' => 'C:\\Program Files\\Common Files'
    'COMPUTERNAME' => 'DESKTOP-82SI694'
    'ComSpec' => 'C:\\Windows\\system32\\cmd.exe'
    'DriverData' => 'C:\\Windows\\System32\\Drivers\\DriverData'
    'HADOOP_HOME' => 'E:\\spark3'
    'HOMEDRIVE' => 'C:'
    'HOMEPATH' => '\\Users\\HP'
    'JAVA_HOME' => 'C:\\\\Program Files\\\\Java\\\\jdk-17.0.2'
    'LOCALAPPDATA' => 'C:\\Users\\HP\\AppData\\Local'
    'LOGONSERVER' => '\\\\DESKTOP-82SI694'
    'MYSQLCONNECTOR_ASSEMBLIESPATH' => 'C:\\Program Files (x86)\\MySQL\\MySQL Connector Net 8.0.30\\Assemblies\\v4.8'
    'NLTK_DATA' => 'C:\\nltk_data'
    'NUMBER_OF_PROCESSORS' => '4'
    'NVM_HOME' => 'C:\\Users\\HP\\AppData\\Roaming\\nvm'
    'NVM_SYMLINK' => 'C:\\Program Files\\nodejs'
    'OneDrive' => 'C:\\Users\\HP\\OneDrive'
    'OS' => 'Windows_NT'
    'Path' => 'C:\\Program Files (x86)\\VMware\\VMware Workstation\\bin\\;C:\\Windows\\system32;C:\\Windows;C:\\Windows\\System32\\Wbem;C:\\Windows\\System32\\WindowsPowerShell\\v1.0\\;C:\\Windows\\System32\\OpenSSH\\;C:\\ProgramData\\ComposerSetup\\bin;C:\\ProgramData\\chocolatey\\bin;C:\\Program Files\\Microsoft SQL Server\\150\\Tools\\Binn\\;C:\\Program Files\\Git\\cmd;C:\\Program Files\\CMake\\bin;C:\\opencv\\build\\bin;C:\\Program Files\\Microsoft SQL Server\\Client SDK\\ODBC\\170\\Tools\\Binn\\;C:\\Program Files\\dotnet\\;C:\\Program Files (x86)\\Microsoft SQL Server\\150\\Tools\\Binn\\;C:\\Program Files\\Microsoft SQL Server\\150\\DTS\\Binn\\;C:\\Program Files (x86)\\Microsoft SQL Server\\150\\DTS\\Binn\\;C:\\Program Files\\PuTTY\\;C:\\Program Files\\Microsoft SQL Server\\120\\Tools\\Binn\\;C:\\Program Files\\Microsoft SQL Server\\Client SDK\\ODBC\\110\\Tools\\Binn\\;C:\\Program Files (x86)\\Microsoft SQL Server\\120\\Tools\\Binn\\;C:\\Program Files\\Microsoft SQL Server\\120\\DTS\\Binn\\;C:\\Program Files\\Microsoft SQL Server\\130\\Tools\\Binn\\;C:\\Users\\HP\\AppData\\Local\\Android\\Sdk\\emulator;C:\\Users\\HP\\AppData\\Roaming\\nvm;C:\\Program Files\\nodejs;C:\\Users\\HP\\AppData\\Local\\Programs\\Python\\Python310\\Scripts\\;C:\\Users\\HP\\AppData\\Local\\Programs\\Python\\Python310\\;C:\\Users\\HP\\AppData\\Local\\Microsoft\\WindowsApps;C:\\Users\\HP\\AppData\\Local\\Programs\\Microsoft VS Code\\bin;E:\\Program Files\\dotnet;C:\\Users\\HP\\AppData\\Roaming\\Composer\\vendor\\bin;C:\\Users\\HP\\AppData\\Roaming\\npm;C:\\Program Files\\JetBrains\\IntelliJ IDEA Community Edition 2021.3.3\\bin;C:\\Program Files\\heroku\\bin;C:\\Users\\HP\\.dotnet\\tools;C:\\Users\\HP\\flutter\\bin;C:\\Program Files\\JetBrains\\PyCharm 2019.1.1\\bin;C:\\Program Files\\Java\\jdk-17.0.2\\bin;C:\\xampp\\php;C:\\Program Files (x86)\\Microsoft SQL Server\\150\\Tools\\Binn\\DQ;C:\\Program Files\\sqldeveloper-21.4.3.063.0100-x64\\sqldeveloper;C:\\Windows\\Microsoft.NET\\Framework64\\v4.0.30319;C:\\Program Files\\JetBrains\\PyCharm Community Edition 2022.2.2\\bin;E:\\spark3\\bin;C:\\Users\\HP\\AppData\\Local\\Android\\Sdk\\platform-tools;C:\\Users\\HP\\AppData\\Roaming\\nvm;C:\\Program Files\\nodejs'
    'PATHEXT' => '.COM;.EXE;.BAT;.CMD;.VBS;.VBE;.JS;.JSE;.WSF;.WSH;.MSC'
    'PROCESSOR_ARCHITECTURE' => 'AMD64'
    'PROCESSOR_IDENTIFIER' => 'Intel64 Family 6 Model 42 Stepping 7, GenuineIntel'
    'PROCESSOR_LEVEL' => '6'
    'PROCESSOR_REVISION' => '2a07'
    'ProgramData' => 'C:\\ProgramData'
    'ProgramFiles' => 'C:\\Program Files'
    'ProgramFiles(x86)' => 'C:\\Program Files (x86)'
    'ProgramW6432' => 'C:\\Program Files'
    'PROMPT' => '$P$G'
    'PSModulePath' => 'C:\\Program Files\\WindowsPowerShell\\Modules;C:\\Windows\\system32\\WindowsPowerShell\\v1.0\\Modules;C:\\Program Files (x86)\\Microsoft SQL Server\\150\\Tools\\PowerShell\\Modules\\;C:\\Program Files (x86)\\Microsoft SQL Server\\120\\Tools\\PowerShell\\Modules\\'
    'PUBLIC' => 'C:\\Users\\Public'
    'PyCharm' => 'C:\\Program Files\\JetBrains\\PyCharm 2019.1.1\\bin;'
    'PYSPARK_PYTHON' => 'python'
    'QSYS_ROOTDIR' => 'E:\\proj\\quartus\\sopc_builder\\bin'
    'QUARTUS_ROOTDIR' => 'E:\\proj\\quartus'
    'SOPC_KIT_NIOS2' => 'E:\\proj\\nios2eds'
    'SPARK_HOME' => 'E:\\spark3'
    'SystemDrive' => 'C:'
    'SystemRoot' => 'C:\\Windows'
    'TEMP' => 'C:\\Users\\HP\\AppData\\Local\\Temp'
    'TMP' => 'C:\\Users\\HP\\AppData\\Local\\Temp'
    'USERDOMAIN' => 'DESKTOP-82SI694'
    'USERDOMAIN_ROAMINGPROFILE' => 'DESKTOP-82SI694'
    'USERNAME' => 'HP'
    'USERPROFILE' => 'C:\\Users\\HP'
    'VBOX_MSI_INSTALL_PATH' => 'C:\\Program Files\\Oracle\\VirtualBox\\'
    'VS160COMCOMNTOOLS' => 'C:\\Program Files (x86)\\Microsoft Visual Studio\\2019\\Community\\Common7\\Tools\\'
    'windir' => 'C:\\Windows'
    'PHP_SELF' => 'yii'
    'SCRIPT_NAME' => 'yii'
    'SCRIPT_FILENAME' => 'yii'
    'PATH_TRANSLATED' => 'yii'
    'DOCUMENT_ROOT' => ''
    'REQUEST_TIME_FLOAT' => 1703537841.9119
    'REQUEST_TIME' => 1703537841
    'argv' => [
        0 => 'yii'
        1 => 'migrate'
        2 => '--migrationPath=@yii\\rbac\\migrations\\'
    ]
    'argc' => 3
]
2023-12-25 22:04:15 [-][-][-][error][yii\base\UnknownClassException] yii\base\UnknownClassException: Unable to find 'console\controllers\RbacController' in file: C:\xampp\htdocs\yii2\youtube/console/controllers/RbacController.php. Namespace missing? in C:\xampp\htdocs\yii2\youtube\vendor\yiisoft\yii2\BaseYii.php:296
Stack trace:
#0 [internal function]: yii\BaseYii::autoload('console\\control...')
#1 C:\xampp\htdocs\yii2\youtube\vendor\yiisoft\yii2\base\Module.php(661): class_exists('console\\control...')
#2 C:\xampp\htdocs\yii2\youtube\vendor\yiisoft\yii2\base\Module.php(620): yii\base\Module->createControllerByID('rbac')
#3 C:\xampp\htdocs\yii2\youtube\vendor\yiisoft\yii2\base\Module.php(546): yii\base\Module->createController('init')
#4 C:\xampp\htdocs\yii2\youtube\vendor\yiisoft\yii2\console\Application.php(180): yii\base\Module->runAction('rbac/init', Array)
#5 C:\xampp\htdocs\yii2\youtube\vendor\yiisoft\yii2\console\Application.php(147): yii\console\Application->runAction('rbac/init', Array)
#6 C:\xampp\htdocs\yii2\youtube\vendor\yiisoft\yii2\base\Application.php(384): yii\console\Application->handleRequest(Object(yii\console\Request))
#7 C:\xampp\htdocs\yii2\youtube\yii(23): yii\base\Application->run()
#8 {main}
2023-12-25 22:04:15 [-][-][-][info][application] $_GET = []

$_POST = []

$_FILES = []

$_COOKIE = []

$_SERVER = [
    'ADSK_CLM_WPAD_PROXY_CHECK' => 'FALSE'
    'ALLUSERSPROFILE' => 'C:\\ProgramData'
    'APPDATA' => 'C:\\Users\\HP\\AppData\\Roaming'
    'ChocolateyInstall' => 'C:\\ProgramData\\chocolatey'
    'ChocolateyLastPathUpdate' => '132922463514670746'
    'CommonProgramFiles' => 'C:\\Program Files\\Common Files'
    'CommonProgramFiles(x86)' => 'C:\\Program Files (x86)\\Common Files'
    'CommonProgramW6432' => 'C:\\Program Files\\Common Files'
    'COMPUTERNAME' => 'DESKTOP-82SI694'
    'ComSpec' => 'C:\\Windows\\system32\\cmd.exe'
    'DriverData' => 'C:\\Windows\\System32\\Drivers\\DriverData'
    'HADOOP_HOME' => 'E:\\spark3'
    'HOMEDRIVE' => 'C:'
    'HOMEPATH' => '\\Users\\HP'
    'JAVA_HOME' => 'C:\\\\Program Files\\\\Java\\\\jdk-17.0.2'
    'LOCALAPPDATA' => 'C:\\Users\\HP\\AppData\\Local'
    'LOGONSERVER' => '\\\\DESKTOP-82SI694'
    'MYSQLCONNECTOR_ASSEMBLIESPATH' => 'C:\\Program Files (x86)\\MySQL\\MySQL Connector Net 8.0.30\\Assemblies\\v4.8'
    'NLTK_DATA' => 'C:\\nltk_data'
    'NUMBER_OF_PROCESSORS' => '4'
    'NVM_HOME' => 'C:\\Users\\HP\\AppData\\Roaming\\nvm'
    'NVM_SYMLINK' => 'C:\\Program Files\\nodejs'
    'OneDrive' => 'C:\\Users\\HP\\OneDrive'
    'OS' => 'Windows_NT'
    'Path' => 'C:\\Program Files (x86)\\VMware\\VMware Workstation\\bin\\;C:\\Windows\\system32;C:\\Windows;C:\\Windows\\System32\\Wbem;C:\\Windows\\System32\\WindowsPowerShell\\v1.0\\;C:\\Windows\\System32\\OpenSSH\\;C:\\ProgramData\\ComposerSetup\\bin;C:\\ProgramData\\chocolatey\\bin;C:\\Program Files\\Microsoft SQL Server\\150\\Tools\\Binn\\;C:\\Program Files\\Git\\cmd;C:\\Program Files\\CMake\\bin;C:\\opencv\\build\\bin;C:\\Program Files\\Microsoft SQL Server\\Client SDK\\ODBC\\170\\Tools\\Binn\\;C:\\Program Files\\dotnet\\;C:\\Program Files (x86)\\Microsoft SQL Server\\150\\Tools\\Binn\\;C:\\Program Files\\Microsoft SQL Server\\150\\DTS\\Binn\\;C:\\Program Files (x86)\\Microsoft SQL Server\\150\\DTS\\Binn\\;C:\\Program Files\\PuTTY\\;C:\\Program Files\\Microsoft SQL Server\\120\\Tools\\Binn\\;C:\\Program Files\\Microsoft SQL Server\\Client SDK\\ODBC\\110\\Tools\\Binn\\;C:\\Program Files (x86)\\Microsoft SQL Server\\120\\Tools\\Binn\\;C:\\Program Files\\Microsoft SQL Server\\120\\DTS\\Binn\\;C:\\Program Files\\Microsoft SQL Server\\130\\Tools\\Binn\\;C:\\Users\\HP\\AppData\\Local\\Android\\Sdk\\emulator;C:\\Users\\HP\\AppData\\Roaming\\nvm;C:\\Program Files\\nodejs;C:\\Users\\HP\\AppData\\Local\\Programs\\Python\\Python310\\Scripts\\;C:\\Users\\HP\\AppData\\Local\\Programs\\Python\\Python310\\;C:\\Users\\HP\\AppData\\Local\\Microsoft\\WindowsApps;C:\\Users\\HP\\AppData\\Local\\Programs\\Microsoft VS Code\\bin;E:\\Program Files\\dotnet;C:\\Users\\HP\\AppData\\Roaming\\Composer\\vendor\\bin;C:\\Users\\HP\\AppData\\Roaming\\npm;C:\\Program Files\\JetBrains\\IntelliJ IDEA Community Edition 2021.3.3\\bin;C:\\Program Files\\heroku\\bin;C:\\Users\\HP\\.dotnet\\tools;C:\\Users\\HP\\flutter\\bin;C:\\Program Files\\JetBrains\\PyCharm 2019.1.1\\bin;C:\\Program Files\\Java\\jdk-17.0.2\\bin;C:\\xampp\\php;C:\\Program Files (x86)\\Microsoft SQL Server\\150\\Tools\\Binn\\DQ;C:\\Program Files\\sqldeveloper-21.4.3.063.0100-x64\\sqldeveloper;C:\\Windows\\Microsoft.NET\\Framework64\\v4.0.30319;C:\\Program Files\\JetBrains\\PyCharm Community Edition 2022.2.2\\bin;E:\\spark3\\bin;C:\\Users\\HP\\AppData\\Local\\Android\\Sdk\\platform-tools;C:\\Users\\HP\\AppData\\Roaming\\nvm;C:\\Program Files\\nodejs'
    'PATHEXT' => '.COM;.EXE;.BAT;.CMD;.VBS;.VBE;.JS;.JSE;.WSF;.WSH;.MSC'
    'PHP_COMMAND' => 'php.exe'
    'PROCESSOR_ARCHITECTURE' => 'AMD64'
    'PROCESSOR_IDENTIFIER' => 'Intel64 Family 6 Model 42 Stepping 7, GenuineIntel'
    'PROCESSOR_LEVEL' => '6'
    'PROCESSOR_REVISION' => '2a07'
    'ProgramData' => 'C:\\ProgramData'
    'ProgramFiles' => 'C:\\Program Files'
    'ProgramFiles(x86)' => 'C:\\Program Files (x86)'
    'ProgramW6432' => 'C:\\Program Files'
    'PROMPT' => '$P$G'
    'PSModulePath' => 'C:\\Program Files\\WindowsPowerShell\\Modules;C:\\Windows\\system32\\WindowsPowerShell\\v1.0\\Modules;C:\\Program Files (x86)\\Microsoft SQL Server\\150\\Tools\\PowerShell\\Modules\\;C:\\Program Files (x86)\\Microsoft SQL Server\\120\\Tools\\PowerShell\\Modules\\'
    'PUBLIC' => 'C:\\Users\\Public'
    'PyCharm' => 'C:\\Program Files\\JetBrains\\PyCharm 2019.1.1\\bin;'
    'PYSPARK_PYTHON' => 'python'
    'QSYS_ROOTDIR' => 'E:\\proj\\quartus\\sopc_builder\\bin'
    'QUARTUS_ROOTDIR' => 'E:\\proj\\quartus'
    'SOPC_KIT_NIOS2' => 'E:\\proj\\nios2eds'
    'SPARK_HOME' => 'E:\\spark3'
    'SystemDrive' => 'C:'
    'SystemRoot' => 'C:\\Windows'
    'TEMP' => 'C:\\Users\\HP\\AppData\\Local\\Temp'
    'TMP' => 'C:\\Users\\HP\\AppData\\Local\\Temp'
    'USERDOMAIN' => 'DESKTOP-82SI694'
    'USERDOMAIN_ROAMINGPROFILE' => 'DESKTOP-82SI694'
    'USERNAME' => 'HP'
    'USERPROFILE' => 'C:\\Users\\HP'
    'VBOX_MSI_INSTALL_PATH' => 'C:\\Program Files\\Oracle\\VirtualBox\\'
    'VS160COMCOMNTOOLS' => 'C:\\Program Files (x86)\\Microsoft Visual Studio\\2019\\Community\\Common7\\Tools\\'
    'windir' => 'C:\\Windows'
    'YII_PATH' => 'c:\\xampp\\htdocs\\yii2\\youtube\\'
    'PHP_SELF' => 'c:\\xampp\\htdocs\\yii2\\youtube\\yii'
    'SCRIPT_NAME' => 'c:\\xampp\\htdocs\\yii2\\youtube\\yii'
    'SCRIPT_FILENAME' => 'c:\\xampp\\htdocs\\yii2\\youtube\\yii'
    'PATH_TRANSLATED' => 'c:\\xampp\\htdocs\\yii2\\youtube\\yii'
    'DOCUMENT_ROOT' => ''
    'REQUEST_TIME_FLOAT' => 1703538255.7718
    'REQUEST_TIME' => 1703538255
    'argv' => [
        0 => 'c:\\xampp\\htdocs\\yii2\\youtube\\yii'
        1 => 'rbac/init'
    ]
    'argc' => 2
]
